2021-09-10 12:43:23 0 [Note] InnoDB: Mutexes and rw_locks use Windows interlocked functions
2021-09-10 12:43:23 0 [Note] InnoDB: Uses event mutexes
2021-09-10 12:43:23 0 [Note] InnoDB: Compressed tables use zlib 1.2.11
2021-09-10 12:43:23 0 [Note] InnoDB: Number of pools: 1
2021-09-10 12:43:23 0 [Note] InnoDB: Using SSE2 crc32 instructions
2021-09-10 12:43:23 0 [Note] InnoDB: Initializing buffer pool, total size = 16M, instances = 1, chunk size = 16M
2021-09-10 12:43:23 0 [Note] InnoDB: Completed initialization of buffer pool
2021-09-10 12:43:23 0 [Note] InnoDB: Starting crash recovery from checkpoint LSN=300288
2021-09-10 12:43:23 0 [Note] InnoDB: 128 out of 128 rollback segments are active.
2021-09-10 12:43:23 0 [Note] InnoDB: Removed temporary tablespace data file: "ibtmp1"
2021-09-10 12:43:23 0 [Note] InnoDB: Creating shared tablespace for temporary tables
2021-09-10 12:43:23 0 [Note] InnoDB: Setting file 'D:\Fira\Kuliah\KULIAH TEKNIK INFORMATIKA\SEMESTER 3\Desain dan Pemrograman Web\xampp\mysql\data\ibtmp1' size to 12 MB. Physically writing the file full; Please wait ...
2021-09-10 12:43:23 0 [Note] InnoDB: File 'D:\Fira\Kuliah\KULIAH TEKNIK INFORMATIKA\SEMESTER 3\Desain dan Pemrograman Web\xampp\mysql\data\ibtmp1' size is now 12 MB.
2021-09-10 12:43:23 0 [Note] InnoDB: Waiting for purge to start
2021-09-10 12:43:23 0 [Note] InnoDB: 10.4.20 started; log sequence number 300297; transaction id 170
2021-09-10 12:43:23 0 [Note] InnoDB: Loading buffer pool(s) from D:\Fira\Kuliah\KULIAH TEKNIK INFORMATIKA\SEMESTER 3\Desain dan Pemrograman Web\xampp\mysql\data\ib_buffer_pool
2021-09-10 12:43:23 0 [Note] Plugin 'FEEDBACK' is disabled.
2021-09-10 12:43:23 0 [Note] Server socket created on IP: '::'.
2021-09-12 12:07:12 0 [Note] InnoDB: Mutexes and rw_locks use Windows interlocked functions
2021-09-12 12:07:12 0 [Note] InnoDB: Uses event mutexes
2021-09-12 12:07:12 0 [Note] InnoDB: Compressed tables use zlib 1.2.11
2021-09-12 12:07:12 0 [Note] InnoDB: Number of pools: 1
2021-09-12 12:07:12 0 [Note] InnoDB: Using SSE2 crc32 instructions
2021-09-12 12:07:12 0 [Note] InnoDB: Initializing buffer pool, total size = 16M, instances = 1, chunk size = 16M
2021-09-12 12:07:12 0 [Note] InnoDB: Completed initialization of buffer pool
2021-09-12 12:07:12 0 [Note] InnoDB: Starting crash recovery from checkpoint LSN=300306
2021-09-12 12:07:13 0 [Note] InnoDB: 128 out of 128 rollback segments are active.
2021-09-12 12:07:13 0 [Note] InnoDB: Removed temporary tablespace data file: "ibtmp1"
2021-09-12 12:07:13 0 [Note] InnoDB: Creating shared tablespace for temporary tables
2021-09-12 12:07:13 0 [Note] InnoDB: Setting file 'D:\Fira\Kuliah\KULIAH TEKNIK INFORMATIKA\SEMESTER 3\Desain dan Pemrograman Web\xampp\mysql\data\ibtmp1' size to 12 MB. Physically writing the file full; Please wait ...
2021-09-12 12:07:13 0 [Note] InnoDB: File 'D:\Fira\Kuliah\KULIAH TEKNIK INFORMATIKA\SEMESTER 3\Desain dan Pemrograman Web\xampp\mysql\data\ibtmp1' size is now 12 MB.
2021-09-12 12:07:13 0 [Note] InnoDB: Waiting for purge to start
2021-09-12 12:07:13 0 [Note] InnoDB: 10.4.20 started; log sequence number 300315; transaction id 170
2021-09-12 12:07:13 0 [Note] InnoDB: Loading buffer pool(s) from D:\Fira\Kuliah\KULIAH TEKNIK INFORMATIKA\SEMESTER 3\Desain dan Pemrograman Web\xampp\mysql\data\ib_buffer_pool
2021-09-12 12:07:13 0 [Note] Plugin 'FEEDBACK' is disabled.
2021-09-12 12:07:13 0 [Note] InnoDB: Buffer pool(s) load completed at 210912 12:07:13
2021-09-12 12:07:13 0 [Note] Server socket created on IP: '::'.
2021-09-24  4:40:22 0 [Note] InnoDB: Mutexes and rw_locks use Windows interlocked functions
2021-09-24  4:40:22 0 [Note] InnoDB: Uses event mutexes
2021-09-24  4:40:22 0 [Note] InnoDB: Compressed tables use zlib 1.2.11
2021-09-24  4:40:22 0 [Note] InnoDB: Number of pools: 1
2021-09-24  4:40:22 0 [Note] InnoDB: Using SSE2 crc32 instructions
2021-09-24  4:40:22 0 [Note] InnoDB: Initializing buffer pool, total size = 16M, instances = 1, chunk size = 16M
2021-09-24  4:40:22 0 [Note] InnoDB: Completed initialization of buffer pool
2021-09-24  4:40:23 0 [Note] InnoDB: Starting crash recovery from checkpoint LSN=300324
2021-09-24  4:40:23 0 [Note] InnoDB: 128 out of 128 rollback segments are active.
2021-09-24  4:40:23 0 [Note] InnoDB: Removed temporary tablespace data file: "ibtmp1"
2021-09-24  4:40:23 0 [Note] InnoDB: Creating shared tablespace for temporary tables
2021-09-24  4:40:23 0 [Note] InnoDB: Setting file 'D:\Fira\Kuliah\KULIAH TEKNIK INFORMATIKA\SEMESTER 3\Desain dan Pemrograman Web\xampp\mysql\data\ibtmp1' size to 12 MB. Physically writing the file full; Please wait ...
2021-09-24  4:40:23 0 [Note] InnoDB: File 'D:\Fira\Kuliah\KULIAH TEKNIK INFORMATIKA\SEMESTER 3\Desain dan Pemrograman Web\xampp\mysql\data\ibtmp1' size is now 12 MB.
2021-09-24  4:40:23 0 [Note] InnoDB: Waiting for purge to start
2021-09-24  4:40:23 0 [Note] InnoDB: 10.4.20 started; log sequence number 300333; transaction id 170
2021-09-24  4:40:23 0 [Note] InnoDB: Loading buffer pool(s) from D:\Fira\Kuliah\KULIAH TEKNIK INFORMATIKA\SEMESTER 3\Desain dan Pemrograman Web\xampp\mysql\data\ib_buffer_pool
2021-09-24  4:40:23 0 [Note] Plugin 'FEEDBACK' is disabled.
2021-09-24  4:40:23 0 [Note] InnoDB: Buffer pool(s) load completed at 210924  4:40:23
2021-09-24  4:40:23 0 [Note] Server socket created on IP: '::'.
2021-10-01  4:15:50 0 [Note] InnoDB: Mutexes and rw_locks use Windows interlocked functions
2021-10-01  4:15:50 0 [Note] InnoDB: Uses event mutexes
2021-10-01  4:15:50 0 [Note] InnoDB: Compressed tables use zlib 1.2.11
2021-10-01  4:15:50 0 [Note] InnoDB: Number of pools: 1
2021-10-01  4:15:50 0 [Note] InnoDB: Using SSE2 crc32 instructions
2021-10-01  4:15:50 0 [Note] InnoDB: Initializing buffer pool, total size = 16M, instances = 1, chunk size = 16M
2021-10-01  4:15:50 0 [Note] InnoDB: Completed initialization of buffer pool
2021-10-01  4:15:50 0 [Note] InnoDB: Starting crash recovery from checkpoint LSN=300342
2021-10-01  4:15:51 0 [Note] InnoDB: 128 out of 128 rollback segments are active.
2021-10-01  4:15:51 0 [Note] InnoDB: Removed temporary tablespace data file: "ibtmp1"
2021-10-01  4:15:51 0 [Note] InnoDB: Creating shared tablespace for temporary tables
2021-10-01  4:15:51 0 [Note] InnoDB: Setting file 'D:\Fira\Kuliah\KULIAH TEKNIK INFORMATIKA\SEMESTER 3\Desain dan Pemrograman Web\xampp\mysql\data\ibtmp1' size to 12 MB. Physically writing the file full; Please wait ...
2021-10-01  4:15:51 0 [Note] InnoDB: File 'D:\Fira\Kuliah\KULIAH TEKNIK INFORMATIKA\SEMESTER 3\Desain dan Pemrograman Web\xampp\mysql\data\ibtmp1' size is now 12 MB.
2021-10-01  4:15:51 0 [Note] InnoDB: Waiting for purge to start
2021-10-01  4:15:51 0 [Note] InnoDB: 10.4.20 started; log sequence number 300351; transaction id 170
2021-10-01  4:15:51 0 [Note] InnoDB: Loading buffer pool(s) from D:\Fira\Kuliah\KULIAH TEKNIK INFORMATIKA\SEMESTER 3\Desain dan Pemrograman Web\xampp\mysql\data\ib_buffer_pool
2021-10-01  4:15:51 0 [Note] Plugin 'FEEDBACK' is disabled.
2021-10-01  4:15:51 0 [Note] InnoDB: Buffer pool(s) load completed at 211001  4:15:51
2021-10-01  4:15:51 0 [Note] Server socket created on IP: '::'.
2021-10-01 11:35:57 0 [Note] InnoDB: Mutexes and rw_locks use Windows interlocked functions
2021-10-01 11:35:57 0 [Note] InnoDB: Uses event mutexes
2021-10-01 11:35:57 0 [Note] InnoDB: Compressed tables use zlib 1.2.11
2021-10-01 11:35:57 0 [Note] InnoDB: Number of pools: 1
2021-10-01 11:35:57 0 [Note] InnoDB: Using SSE2 crc32 instructions
2021-10-01 11:35:57 0 [Note] InnoDB: Initializing buffer pool, total size = 16M, instances = 1, chunk size = 16M
2021-10-01 11:35:57 0 [Note] InnoDB: Completed initialization of buffer pool
2021-10-01 11:35:57 0 [Note] InnoDB: Starting crash recovery from checkpoint LSN=300360
2021-10-01 11:35:58 0 [Note] InnoDB: 128 out of 128 rollback segments are active.
2021-10-01 11:35:58 0 [Note] InnoDB: Removed temporary tablespace data file: "ibtmp1"
2021-10-01 11:35:58 0 [Note] InnoDB: Creating shared tablespace for temporary tables
2021-10-01 11:35:58 0 [Note] InnoDB: Setting file 'D:\Fira\Kuliah\KULIAH TEKNIK INFORMATIKA\SEMESTER 3\Desain dan Pemrograman Web\xampp\mysql\data\ibtmp1' size to 12 MB. Physically writing the file full; Please wait ...
2021-10-01 11:35:58 0 [Note] InnoDB: File 'D:\Fira\Kuliah\KULIAH TEKNIK INFORMATIKA\SEMESTER 3\Desain dan Pemrograman Web\xampp\mysql\data\ibtmp1' size is now 12 MB.
2021-10-01 11:35:58 0 [Note] InnoDB: Waiting for purge to start
2021-10-01 11:35:58 0 [Note] InnoDB: 10.4.20 started; log sequence number 300369; transaction id 170
2021-10-01 11:35:58 0 [Note] InnoDB: Loading buffer pool(s) from D:\Fira\Kuliah\KULIAH TEKNIK INFORMATIKA\SEMESTER 3\Desain dan Pemrograman Web\xampp\mysql\data\ib_buffer_pool
2021-10-01 11:35:58 0 [Note] Plugin 'FEEDBACK' is disabled.
2021-10-01 11:35:58 0 [Note] InnoDB: Buffer pool(s) load completed at 211001 11:35:58
2021-10-01 11:35:58 0 [Note] Server socket created on IP: '::'.
2021-10-09  5:16:28 0 [Note] InnoDB: Mutexes and rw_locks use Windows interlocked functions
2021-10-09  5:16:28 0 [Note] InnoDB: Uses event mutexes
2021-10-09  5:16:28 0 [Note] InnoDB: Compressed tables use zlib 1.2.11
2021-10-09  5:16:28 0 [Note] InnoDB: Number of pools: 1
2021-10-09  5:16:28 0 [Note] InnoDB: Using SSE2 crc32 instructions
2021-10-09  5:16:28 0 [Note] InnoDB: Initializing buffer pool, total size = 16M, instances = 1, chunk size = 16M
2021-10-09  5:16:28 0 [Note] InnoDB: Completed initialization of buffer pool
2021-10-09  5:16:28 0 [Note] InnoDB: Starting crash recovery from checkpoint LSN=300378
2021-10-09  5:16:29 0 [Note] InnoDB: 128 out of 128 rollback segments are active.
2021-10-09  5:16:29 0 [Note] InnoDB: Removed temporary tablespace data file: "ibtmp1"
2021-10-09  5:16:29 0 [Note] InnoDB: Creating shared tablespace for temporary tables
2021-10-09  5:16:29 0 [Note] InnoDB: Setting file 'D:\Fira\Kuliah\KULIAH TEKNIK INFORMATIKA\SEMESTER 3\Desain dan Pemrograman Web\xampp\mysql\data\ibtmp1' size to 12 MB. Physically writing the file full; Please wait ...
2021-10-09  5:16:29 0 [Note] InnoDB: File 'D:\Fira\Kuliah\KULIAH TEKNIK INFORMATIKA\SEMESTER 3\Desain dan Pemrograman Web\xampp\mysql\data\ibtmp1' size is now 12 MB.
2021-10-09  5:16:29 0 [Note] InnoDB: Waiting for purge to start
2021-10-09  5:16:29 0 [Note] InnoDB: 10.4.20 started; log sequence number 300387; transaction id 170
2021-10-09  5:16:29 0 [Note] InnoDB: Loading buffer pool(s) from D:\Fira\Kuliah\KULIAH TEKNIK INFORMATIKA\SEMESTER 3\Desain dan Pemrograman Web\xampp\mysql\data\ib_buffer_pool
2021-10-09  5:16:29 0 [Note] Plugin 'FEEDBACK' is disabled.
2021-10-09  5:16:29 0 [Note] InnoDB: Buffer pool(s) load completed at 211009  5:16:29
2021-10-09  5:16:29 0 [Note] Server socket created on IP: '::'.
2021-10-09 10:20:33 0 [Note] InnoDB: Mutexes and rw_locks use Windows interlocked functions
2021-10-09 10:20:33 0 [Note] InnoDB: Uses event mutexes
2021-10-09 10:20:33 0 [Note] InnoDB: Compressed tables use zlib 1.2.11
2021-10-09 10:20:33 0 [Note] InnoDB: Number of pools: 1
2021-10-09 10:20:33 0 [Note] InnoDB: Using SSE2 crc32 instructions
2021-10-09 10:20:33 0 [Note] InnoDB: Initializing buffer pool, total size = 16M, instances = 1, chunk size = 16M
2021-10-09 10:20:33 0 [Note] InnoDB: Completed initialization of buffer pool
2021-10-09 10:20:33 0 [Note] InnoDB: Starting crash recovery from checkpoint LSN=300396
2021-10-09 10:20:34 0 [Note] InnoDB: 128 out of 128 rollback segments are active.
2021-10-09 10:20:34 0 [Note] InnoDB: Removed temporary tablespace data file: "ibtmp1"
2021-10-09 10:20:34 0 [Note] InnoDB: Creating shared tablespace for temporary tables
2021-10-09 10:20:34 0 [Note] InnoDB: Setting file 'D:\Fira\Kuliah\KULIAH TEKNIK INFORMATIKA\SEMESTER 3\Desain dan Pemrograman Web\xampp\mysql\data\ibtmp1' size to 12 MB. Physically writing the file full; Please wait ...
2021-10-09 10:20:34 0 [Note] InnoDB: File 'D:\Fira\Kuliah\KULIAH TEKNIK INFORMATIKA\SEMESTER 3\Desain dan Pemrograman Web\xampp\mysql\data\ibtmp1' size is now 12 MB.
2021-10-09 10:20:34 0 [Note] InnoDB: Waiting for purge to start
2021-10-09 10:20:34 0 [Note] InnoDB: 10.4.20 started; log sequence number 300405; transaction id 170
2021-10-09 10:20:34 0 [Note] InnoDB: Loading buffer pool(s) from D:\Fira\Kuliah\KULIAH TEKNIK INFORMATIKA\SEMESTER 3\Desain dan Pemrograman Web\xampp\mysql\data\ib_buffer_pool
2021-10-09 10:20:34 0 [Note] Plugin 'FEEDBACK' is disabled.
2021-10-09 10:20:34 0 [Note] InnoDB: Buffer pool(s) load completed at 211009 10:20:34
2021-10-09 10:20:34 0 [Note] Server socket created on IP: '::'.
2021-10-14 18:21:02 0 [Note] InnoDB: Mutexes and rw_locks use Windows interlocked functions
2021-10-14 18:21:02 0 [Note] InnoDB: Uses event mutexes
2021-10-14 18:21:02 0 [Note] InnoDB: Compressed tables use zlib 1.2.11
2021-10-14 18:21:02 0 [Note] InnoDB: Number of pools: 1
2021-10-14 18:21:02 0 [Note] InnoDB: Using SSE2 crc32 instructions
2021-10-14 18:21:02 0 [Note] InnoDB: Initializing buffer pool, total size = 16M, instances = 1, chunk size = 16M
2021-10-14 18:21:02 0 [Note] InnoDB: Completed initialization of buffer pool
2021-10-14 18:21:02 0 [Note] InnoDB: Starting crash recovery from checkpoint LSN=300414
2021-10-14 18:21:02 0 [Note] InnoDB: 128 out of 128 rollback segments are active.
2021-10-14 18:21:02 0 [Note] InnoDB: Removed temporary tablespace data file: "ibtmp1"
2021-10-14 18:21:02 0 [Note] InnoDB: Creating shared tablespace for temporary tables
2021-10-14 18:21:02 0 [Note] InnoDB: Setting file 'D:\Fira\Kuliah\KULIAH TEKNIK INFORMATIKA\SEMESTER 3\Desain dan Pemrograman Web\xampp\mysql\data\ibtmp1' size to 12 MB. Physically writing the file full; Please wait ...
2021-10-14 18:21:02 0 [Note] InnoDB: File 'D:\Fira\Kuliah\KULIAH TEKNIK INFORMATIKA\SEMESTER 3\Desain dan Pemrograman Web\xampp\mysql\data\ibtmp1' size is now 12 MB.
2021-10-14 18:21:02 0 [Note] InnoDB: Waiting for purge to start
2021-10-14 18:21:02 0 [Note] InnoDB: 10.4.20 started; log sequence number 300423; transaction id 170
2021-10-14 18:21:02 0 [Note] InnoDB: Loading buffer pool(s) from D:\Fira\Kuliah\KULIAH TEKNIK INFORMATIKA\SEMESTER 3\Desain dan Pemrograman Web\xampp\mysql\data\ib_buffer_pool
2021-10-14 18:21:02 0 [Note] Plugin 'FEEDBACK' is disabled.
2021-10-14 18:21:02 0 [Note] InnoDB: Buffer pool(s) load completed at 211014 18:21:02
2021-10-14 18:21:02 0 [Note] Server socket created on IP: '::'.
2021-10-15  8:29:42 0 [Note] InnoDB: Mutexes and rw_locks use Windows interlocked functions
2021-10-15  8:29:42 0 [Note] InnoDB: Uses event mutexes
2021-10-15  8:29:42 0 [Note] InnoDB: Compressed tables use zlib 1.2.11
2021-10-15  8:29:42 0 [Note] InnoDB: Number of pools: 1
2021-10-15  8:29:42 0 [Note] InnoDB: Using SSE2 crc32 instructions
2021-10-15  8:29:42 0 [Note] InnoDB: Initializing buffer pool, total size = 16M, instances = 1, chunk size = 16M
2021-10-15  8:29:42 0 [Note] InnoDB: Completed initialization of buffer pool
2021-10-15  8:29:42 0 [Note] InnoDB: Starting crash recovery from checkpoint LSN=300432
2021-10-15  8:29:43 0 [Note] InnoDB: 128 out of 128 rollback segments are active.
2021-10-15  8:29:43 0 [Note] InnoDB: Removed temporary tablespace data file: "ibtmp1"
2021-10-15  8:29:43 0 [Note] InnoDB: Creating shared tablespace for temporary tables
2021-10-15  8:29:43 0 [Note] InnoDB: Setting file 'D:\Fira\Kuliah\KULIAH TEKNIK INFORMATIKA\SEMESTER 3\Desain dan Pemrograman Web\xampp\mysql\data\ibtmp1' size to 12 MB. Physically writing the file full; Please wait ...
2021-10-15  8:29:43 0 [Note] InnoDB: File 'D:\Fira\Kuliah\KULIAH TEKNIK INFORMATIKA\SEMESTER 3\Desain dan Pemrograman Web\xampp\mysql\data\ibtmp1' size is now 12 MB.
2021-10-15  8:29:43 0 [Note] InnoDB: Waiting for purge to start
2021-10-15  8:29:43 0 [Note] InnoDB: 10.4.20 started; log sequence number 300441; transaction id 170
2021-10-15  8:29:43 0 [Note] InnoDB: Loading buffer pool(s) from D:\Fira\Kuliah\KULIAH TEKNIK INFORMATIKA\SEMESTER 3\Desain dan Pemrograman Web\xampp\mysql\data\ib_buffer_pool
2021-10-15  8:29:43 0 [Note] Plugin 'FEEDBACK' is disabled.
2021-10-15  8:29:43 0 [Note] InnoDB: Buffer pool(s) load completed at 211015  8:29:43
2021-10-15  8:29:43 0 [Note] Server socket created on IP: '::'.
2021-10-22  2:12:47 0 [Note] InnoDB: Mutexes and rw_locks use Windows interlocked functions
2021-10-22  2:12:47 0 [Note] InnoDB: Uses event mutexes
2021-10-22  2:12:47 0 [Note] InnoDB: Compressed tables use zlib 1.2.11
2021-10-22  2:12:47 0 [Note] InnoDB: Number of pools: 1
2021-10-22  2:12:47 0 [Note] InnoDB: Using SSE2 crc32 instructions
2021-10-22  2:12:47 0 [Note] InnoDB: Initializing buffer pool, total size = 16M, instances = 1, chunk size = 16M
2021-10-22  2:12:47 0 [Note] InnoDB: Completed initialization of buffer pool
2021-10-22  2:12:48 0 [Note] InnoDB: Starting crash recovery from checkpoint LSN=300450
2021-10-22  2:12:48 0 [Note] InnoDB: 128 out of 128 rollback segments are active.
2021-10-22  2:12:48 0 [Note] InnoDB: Removed temporary tablespace data file: "ibtmp1"
2021-10-22  2:12:48 0 [Note] InnoDB: Creating shared tablespace for temporary tables
2021-10-22  2:12:48 0 [Note] InnoDB: Setting file 'D:\Fira\Kuliah\KULIAH TEKNIK INFORMATIKA\SEMESTER 3\Desain dan Pemrograman Web\xampp\mysql\data\ibtmp1' size to 12 MB. Physically writing the file full; Please wait ...
2021-10-22  2:12:48 0 [Note] InnoDB: File 'D:\Fira\Kuliah\KULIAH TEKNIK INFORMATIKA\SEMESTER 3\Desain dan Pemrograman Web\xampp\mysql\data\ibtmp1' size is now 12 MB.
2021-10-22  2:12:48 0 [Note] InnoDB: Waiting for purge to start
2021-10-22  2:12:48 0 [Note] InnoDB: 10.4.20 started; log sequence number 300459; transaction id 170
2021-10-22  2:12:48 0 [Note] InnoDB: Loading buffer pool(s) from D:\Fira\Kuliah\KULIAH TEKNIK INFORMATIKA\SEMESTER 3\Desain dan Pemrograman Web\xampp\mysql\data\ib_buffer_pool
2021-10-22  2:12:48 0 [Note] Plugin 'FEEDBACK' is disabled.
2021-10-22  2:12:48 0 [Note] InnoDB: Buffer pool(s) load completed at 211022  2:12:48
2021-10-22  2:12:48 0 [Note] Server socket created on IP: '::'.
2021-10-23  8:39:35 0 [Note] InnoDB: Mutexes and rw_locks use Windows interlocked functions
2021-10-23  8:39:35 0 [Note] InnoDB: Uses event mutexes
2021-10-23  8:39:35 0 [Note] InnoDB: Compressed tables use zlib 1.2.11
2021-10-23  8:39:35 0 [Note] InnoDB: Number of pools: 1
2021-10-23  8:39:35 0 [Note] InnoDB: Using SSE2 crc32 instructions
2021-10-23  8:39:35 0 [Note] InnoDB: Initializing buffer pool, total size = 16M, instances = 1, chunk size = 16M
2021-10-23  8:39:35 0 [Note] InnoDB: Completed initialization of buffer pool
2021-10-23  8:39:35 0 [Note] InnoDB: Starting crash recovery from checkpoint LSN=300468
2021-10-23  8:39:35 0 [Note] InnoDB: 128 out of 128 rollback segments are active.
2021-10-23  8:39:35 0 [Note] InnoDB: Removed temporary tablespace data file: "ibtmp1"
2021-10-23  8:39:35 0 [Note] InnoDB: Creating shared tablespace for temporary tables
2021-10-23  8:39:35 0 [Note] InnoDB: Setting file 'D:\Fira\Kuliah\KULIAH TEKNIK INFORMATIKA\SEMESTER 3\Desain dan Pemrograman Web\xampp\mysql\data\ibtmp1' size to 12 MB. Physically writing the file full; Please wait ...
2021-10-23  8:39:35 0 [Note] InnoDB: File 'D:\Fira\Kuliah\KULIAH TEKNIK INFORMATIKA\SEMESTER 3\Desain dan Pemrograman Web\xampp\mysql\data\ibtmp1' size is now 12 MB.
2021-10-23  8:39:35 0 [Note] InnoDB: Waiting for purge to start
2021-10-23  8:39:35 0 [Note] InnoDB: 10.4.20 started; log sequence number 300477; transaction id 170
2021-10-23  8:39:35 0 [Note] InnoDB: Loading buffer pool(s) from D:\Fira\Kuliah\KULIAH TEKNIK INFORMATIKA\SEMESTER 3\Desain dan Pemrograman Web\xampp\mysql\data\ib_buffer_pool
2021-10-23  8:39:35 0 [Note] Plugin 'FEEDBACK' is disabled.
2021-10-23  8:39:35 0 [Note] InnoDB: Buffer pool(s) load completed at 211023  8:39:35
2021-10-23  8:39:35 0 [Note] Server socket created on IP: '::'.
2021-11-04 18:32:16 0 [Note] InnoDB: Mutexes and rw_locks use Windows interlocked functions
2021-11-04 18:32:16 0 [Note] InnoDB: Uses event mutexes
2021-11-04 18:32:16 0 [Note] InnoDB: Compressed tables use zlib 1.2.11
2021-11-04 18:32:16 0 [Note] InnoDB: Number of pools: 1
2021-11-04 18:32:16 0 [Note] InnoDB: Using SSE2 crc32 instructions
2021-11-04 18:32:16 0 [Note] InnoDB: Initializing buffer pool, total size = 16M, instances = 1, chunk size = 16M
2021-11-04 18:32:16 0 [Note] InnoDB: Completed initialization of buffer pool
2021-11-04 18:32:16 0 [Note] InnoDB: Starting crash recovery from checkpoint LSN=300486
2021-11-04 18:32:17 0 [Note] InnoDB: 128 out of 128 rollback segments are active.
2021-11-04 18:32:17 0 [Note] InnoDB: Removed temporary tablespace data file: "ibtmp1"
2021-11-04 18:32:17 0 [Note] InnoDB: Creating shared tablespace for temporary tables
2021-11-04 18:32:17 0 [Note] InnoDB: Setting file 'D:\Fira\Kuliah\KULIAH TEKNIK INFORMATIKA\SEMESTER 3\Desain dan Pemrograman Web\xampp\mysql\data\ibtmp1' size to 12 MB. Physically writing the file full; Please wait ...
2021-11-04 18:32:17 0 [Note] InnoDB: File 'D:\Fira\Kuliah\KULIAH TEKNIK INFORMATIKA\SEMESTER 3\Desain dan Pemrograman Web\xampp\mysql\data\ibtmp1' size is now 12 MB.
2021-11-04 18:32:17 0 [Note] InnoDB: Waiting for purge to start
2021-11-04 18:32:17 0 [Note] InnoDB: 10.4.20 started; log sequence number 300495; transaction id 170
2021-11-04 18:32:17 0 [Note] InnoDB: Loading buffer pool(s) from D:\Fira\Kuliah\KULIAH TEKNIK INFORMATIKA\SEMESTER 3\Desain dan Pemrograman Web\xampp\mysql\data\ib_buffer_pool
2021-11-04 18:32:17 0 [Note] Plugin 'FEEDBACK' is disabled.
2021-11-04 18:32:17 0 [Note] InnoDB: Buffer pool(s) load completed at 211104 18:32:17
2021-11-04 18:32:17 0 [Note] Server socket created on IP: '::'.
2021-11-11 10:26:57 0 [Note] InnoDB: Mutexes and rw_locks use Windows interlocked functions
2021-11-11 10:26:57 0 [Note] InnoDB: Uses event mutexes
2021-11-11 10:26:57 0 [Note] InnoDB: Compressed tables use zlib 1.2.11
2021-11-11 10:26:57 0 [Note] InnoDB: Number of pools: 1
2021-11-11 10:26:57 0 [Note] InnoDB: Using SSE2 crc32 instructions
2021-11-11 10:26:57 0 [Note] InnoDB: Initializing buffer pool, total size = 16M, instances = 1, chunk size = 16M
2021-11-11 10:26:57 0 [Note] InnoDB: Completed initialization of buffer pool
2021-11-11 10:26:57 0 [Note] InnoDB: Starting crash recovery from checkpoint LSN=300504
2021-11-11 10:26:58 0 [Note] InnoDB: 128 out of 128 rollback segments are active.
2021-11-11 10:26:58 0 [Note] InnoDB: Removed temporary tablespace data file: "ibtmp1"
2021-11-11 10:26:58 0 [Note] InnoDB: Creating shared tablespace for temporary tables
2021-11-11 10:26:58 0 [Note] InnoDB: Setting file 'D:\Fira\Kuliah\KULIAH TEKNIK INFORMATIKA\SEMESTER 3\Desain dan Pemrograman Web\xampp\mysql\data\ibtmp1' size to 12 MB. Physically writing the file full; Please wait ...
2021-11-11 10:26:58 0 [Note] InnoDB: File 'D:\Fira\Kuliah\KULIAH TEKNIK INFORMATIKA\SEMESTER 3\Desain dan Pemrograman Web\xampp\mysql\data\ibtmp1' size is now 12 MB.
2021-11-11 10:26:58 0 [Note] InnoDB: Waiting for purge to start
2021-11-11 10:26:58 0 [Note] InnoDB: 10.4.20 started; log sequence number 300513; transaction id 170
2021-11-11 10:26:58 0 [Note] InnoDB: Loading buffer pool(s) from D:\Fira\Kuliah\KULIAH TEKNIK INFORMATIKA\SEMESTER 3\Desain dan Pemrograman Web\xampp\mysql\data\ib_buffer_pool
2021-11-11 10:26:58 0 [Note] Plugin 'FEEDBACK' is disabled.
2021-11-11 10:26:58 0 [Note] InnoDB: Buffer pool(s) load completed at 211111 10:26:58
2021-11-11 10:26:58 0 [Note] Server socket created on IP: '::'.
2021-11-11 21:44:15 0 [Note] InnoDB: Mutexes and rw_locks use Windows interlocked functions
2021-11-11 21:44:15 0 [Note] InnoDB: Uses event mutexes
2021-11-11 21:44:15 0 [Note] InnoDB: Compressed tables use zlib 1.2.11
2021-11-11 21:44:15 0 [Note] InnoDB: Number of pools: 1
2021-11-11 21:44:15 0 [Note] InnoDB: Using SSE2 crc32 instructions
2021-11-11 21:44:15 0 [Note] InnoDB: Initializing buffer pool, total size = 16M, instances = 1, chunk size = 16M
2021-11-11 21:44:15 0 [Note] InnoDB: Completed initialization of buffer pool
2021-11-11 21:44:15 0 [Note] InnoDB: Starting crash recovery from checkpoint LSN=300522
2021-11-11 21:44:15 0 [Note] InnoDB: 128 out of 128 rollback segments are active.
2021-11-11 21:44:15 0 [Note] InnoDB: Removed temporary tablespace data file: "ibtmp1"
2021-11-11 21:44:15 0 [Note] InnoDB: Creating shared tablespace for temporary tables
2021-11-11 21:44:15 0 [Note] InnoDB: Setting file 'D:\Fira\Kuliah\KULIAH TEKNIK INFORMATIKA\SEMESTER 3\Desain dan Pemrograman Web\xampp\mysql\data\ibtmp1' size to 12 MB. Physically writing the file full; Please wait ...
2021-11-11 21:44:15 0 [Note] InnoDB: File 'D:\Fira\Kuliah\KULIAH TEKNIK INFORMATIKA\SEMESTER 3\Desain dan Pemrograman Web\xampp\mysql\data\ibtmp1' size is now 12 MB.
2021-11-11 21:44:15 0 [Note] InnoDB: Waiting for purge to start
2021-11-11 21:44:15 0 [Note] InnoDB: 10.4.20 started; log sequence number 300531; transaction id 170
2021-11-11 21:44:15 0 [Note] InnoDB: Loading buffer pool(s) from D:\Fira\Kuliah\KULIAH TEKNIK INFORMATIKA\SEMESTER 3\Desain dan Pemrograman Web\xampp\mysql\data\ib_buffer_pool
2021-11-11 21:44:15 0 [Note] Plugin 'FEEDBACK' is disabled.
2021-11-11 21:44:15 0 [Note] Server socket created on IP: '::'.
2021-11-17  9:19:50 0 [Note] InnoDB: Mutexes and rw_locks use Windows interlocked functions
2021-11-17  9:19:50 0 [Note] InnoDB: Uses event mutexes
2021-11-17  9:19:50 0 [Note] InnoDB: Compressed tables use zlib 1.2.11
2021-11-17  9:19:50 0 [Note] InnoDB: Number of pools: 1
2021-11-17  9:19:50 0 [Note] InnoDB: Using SSE2 crc32 instructions
2021-11-17  9:19:50 0 [Note] InnoDB: Initializing buffer pool, total size = 16M, instances = 1, chunk size = 16M
2021-11-17  9:19:50 0 [Note] InnoDB: Completed initialization of buffer pool
2021-11-17  9:19:50 0 [Note] InnoDB: The log sequence number 139827 in the system tablespace does not match the log sequence number 300556 in the ib_logfiles!
2021-11-17  9:19:50 0 [Note] InnoDB: 128 out of 128 rollback segments are active.
2021-11-17  9:19:50 0 [Note] InnoDB: Removed temporary tablespace data file: "ibtmp1"
2021-11-17  9:19:50 0 [Note] InnoDB: Creating shared tablespace for temporary tables
2021-11-17  9:19:50 0 [Note] InnoDB: Setting file 'D:\Fira\Kuliah\KULIAH TEKNIK INFORMATIKA\SEMESTER 3\Desain dan Pemrograman Web\xampp\mysql\data\ibtmp1' size to 12 MB. Physically writing the file full; Please wait ...
2021-11-17  9:19:50 0 [Note] InnoDB: File 'D:\Fira\Kuliah\KULIAH TEKNIK INFORMATIKA\SEMESTER 3\Desain dan Pemrograman Web\xampp\mysql\data\ibtmp1' size is now 12 MB.
2021-11-17  9:19:50 0 [Note] InnoDB: Waiting for purge to start
2021-11-17  9:19:50 0 [Note] InnoDB: 10.4.20 started; log sequence number 300556; transaction id 170
2021-11-17  9:19:50 0 [Note] InnoDB: Loading buffer pool(s) from D:\Fira\Kuliah\KULIAH TEKNIK INFORMATIKA\SEMESTER 3\Desain dan Pemrograman Web\xampp\mysql\data\ib_buffer_pool
2021-11-17  9:19:50 0 [Note] Plugin 'FEEDBACK' is disabled.
2021-11-17  9:19:50 0 [Note] InnoDB: Buffer pool(s) load completed at 211117  9:19:50
2021-11-17  9:19:50 0 [Note] Server socket created on IP: '::'.
2021-11-17 15:57:29 0 [Note] InnoDB: Mutexes and rw_locks use Windows interlocked functions
2021-11-17 15:57:29 0 [Note] InnoDB: Uses event mutexes
2021-11-17 15:57:29 0 [Note] InnoDB: Compressed tables use zlib 1.2.11
2021-11-17 15:57:29 0 [Note] InnoDB: Number of pools: 1
2021-11-17 15:57:29 0 [Note] InnoDB: Using SSE2 crc32 instructions
2021-11-17 15:57:29 0 [Note] InnoDB: Initializing buffer pool, total size = 16M, instances = 1, chunk size = 16M
2021-11-17 15:57:29 0 [Note] InnoDB: Completed initialization of buffer pool
2021-11-17 15:57:29 0 [Note] InnoDB: Starting crash recovery from checkpoint LSN=315212
2021-11-17 15:57:29 0 [Note] InnoDB: 128 out of 128 rollback segments are active.
2021-11-17 15:57:29 0 [Note] InnoDB: Removed temporary tablespace data file: "ibtmp1"
2021-11-17 15:57:29 0 [Note] InnoDB: Creating shared tablespace for temporary tables
2021-11-17 15:57:29 0 [Note] InnoDB: Setting file 'D:\Fira\Kuliah\KULIAH TEKNIK INFORMATIKA\SEMESTER 3\Desain dan Pemrograman Web\xampp\mysql\data\ibtmp1' size to 12 MB. Physically writing the file full; Please wait ...
2021-11-17 15:57:29 0 [Note] InnoDB: File 'D:\Fira\Kuliah\KULIAH TEKNIK INFORMATIKA\SEMESTER 3\Desain dan Pemrograman Web\xampp\mysql\data\ibtmp1' size is now 12 MB.
2021-11-17 15:57:29 0 [Note] InnoDB: Waiting for purge to start
2021-11-17 15:57:29 0 [Note] InnoDB: 10.4.20 started; log sequence number 315221; transaction id 228
2021-11-17 15:57:29 0 [Note] InnoDB: Loading buffer pool(s) from D:\Fira\Kuliah\KULIAH TEKNIK INFORMATIKA\SEMESTER 3\Desain dan Pemrograman Web\xampp\mysql\data\ib_buffer_pool
2021-11-17 15:57:29 0 [Note] Plugin 'FEEDBACK' is disabled.
2021-11-17 15:57:29 0 [Note] Server socket created on IP: '::'.
2021-11-18 13:34:35 0 [Note] InnoDB: Mutexes and rw_locks use Windows interlocked functions
2021-11-18 13:34:35 0 [Note] InnoDB: Uses event mutexes
2021-11-18 13:34:35 0 [Note] InnoDB: Compressed tables use zlib 1.2.11
2021-11-18 13:34:35 0 [Note] InnoDB: Number of pools: 1
2021-11-18 13:34:35 0 [Note] InnoDB: Using SSE2 crc32 instructions
2021-11-18 13:34:35 0 [Note] InnoDB: Initializing buffer pool, total size = 16M, instances = 1, chunk size = 16M
2021-11-18 13:34:35 0 [Note] InnoDB: Completed initialization of buffer pool
2021-11-18 13:34:35 0 [Note] InnoDB: Starting crash recovery from checkpoint LSN=315230
2021-11-18 13:34:36 0 [Note] InnoDB: 128 out of 128 rollback segments are active.
2021-11-18 13:34:36 0 [Note] InnoDB: Removed temporary tablespace data file: "ibtmp1"
2021-11-18 13:34:36 0 [Note] InnoDB: Creating shared tablespace for temporary tables
2021-11-18 13:34:36 0 [Note] InnoDB: Setting file 'D:\Fira\Kuliah\KULIAH TEKNIK INFORMATIKA\SEMESTER 3\Desain dan Pemrograman Web\xampp\mysql\data\ibtmp1' size to 12 MB. Physically writing the file full; Please wait ...
2021-11-18 13:34:36 0 [Note] InnoDB: File 'D:\Fira\Kuliah\KULIAH TEKNIK INFORMATIKA\SEMESTER 3\Desain dan Pemrograman Web\xampp\mysql\data\ibtmp1' size is now 12 MB.
2021-11-18 13:34:36 0 [Note] InnoDB: Waiting for purge to start
2021-11-18 13:34:36 0 [Note] InnoDB: 10.4.20 started; log sequence number 315239; transaction id 228
2021-11-18 13:34:36 0 [Note] InnoDB: Loading buffer pool(s) from D:\Fira\Kuliah\KULIAH TEKNIK INFORMATIKA\SEMESTER 3\Desain dan Pemrograman Web\xampp\mysql\data\ib_buffer_pool
2021-11-18 13:34:36 0 [Note] Plugin 'FEEDBACK' is disabled.
2021-11-18 13:34:36 0 [Note] InnoDB: Buffer pool(s) load completed at 211118 13:34:36
2021-11-18 13:34:36 0 [Note] Server socket created on IP: '::'.
2021-11-25 14:33:44 0 [Note] InnoDB: Mutexes and rw_locks use Windows interlocked functions
2021-11-25 14:33:44 0 [Note] InnoDB: Uses event mutexes
2021-11-25 14:33:44 0 [Note] InnoDB: Compressed tables use zlib 1.2.11
2021-11-25 14:33:44 0 [Note] InnoDB: Number of pools: 1
2021-11-25 14:33:44 0 [Note] InnoDB: Using SSE2 crc32 instructions
2021-11-25 14:33:44 0 [Note] InnoDB: Initializing buffer pool, total size = 16M, instances = 1, chunk size = 16M
2021-11-25 14:33:44 0 [Note] InnoDB: Completed initialization of buffer pool
2021-11-25 14:33:44 0 [Note] InnoDB: Starting crash recovery from checkpoint LSN=329680
2021-11-25 14:33:45 0 [Note] InnoDB: 128 out of 128 rollback segments are active.
2021-11-25 14:33:45 0 [Note] InnoDB: Removed temporary tablespace data file: "ibtmp1"
2021-11-25 14:33:45 0 [Note] InnoDB: Creating shared tablespace for temporary tables
2021-11-25 14:33:45 0 [Note] InnoDB: Setting file 'D:\Fira\Kuliah\KULIAH TEKNIK INFORMATIKA\SEMESTER 3\Desain dan Pemrograman Web\xampp\mysql\data\ibtmp1' size to 12 MB. Physically writing the file full; Please wait ...
2021-11-25 14:33:45 0 [Note] InnoDB: File 'D:\Fira\Kuliah\KULIAH TEKNIK INFORMATIKA\SEMESTER 3\Desain dan Pemrograman Web\xampp\mysql\data\ibtmp1' size is now 12 MB.
2021-11-25 14:33:45 0 [Note] InnoDB: Waiting for purge to start
2021-11-25 14:33:45 0 [Note] InnoDB: 10.4.20 started; log sequence number 329689; transaction id 292
2021-11-25 14:33:45 0 [Note] InnoDB: Loading buffer pool(s) from D:\Fira\Kuliah\KULIAH TEKNIK INFORMATIKA\SEMESTER 3\Desain dan Pemrograman Web\xampp\mysql\data\ib_buffer_pool
2021-11-25 14:33:45 0 [Note] Plugin 'FEEDBACK' is disabled.
2021-11-25 14:33:45 0 [Note] InnoDB: Buffer pool(s) load completed at 211125 14:33:45
2021-11-25 14:33:45 0 [Note] Server socket created on IP: '::'.
2021-12-02  8:46:48 0 [Note] InnoDB: Mutexes and rw_locks use Windows interlocked functions
2021-12-02  8:46:48 0 [Note] InnoDB: Uses event mutexes
2021-12-02  8:46:48 0 [Note] InnoDB: Compressed tables use zlib 1.2.11
2021-12-02  8:46:48 0 [Note] InnoDB: Number of pools: 1
2021-12-02  8:46:48 0 [Note] InnoDB: Using SSE2 crc32 instructions
2021-12-02  8:46:48 0 [Note] InnoDB: Initializing buffer pool, total size = 16M, instances = 1, chunk size = 16M
2021-12-02  8:46:48 0 [Note] InnoDB: Completed initialization of buffer pool
2021-12-02  8:46:48 0 [Note] InnoDB: Starting crash recovery from checkpoint LSN=340020
2021-12-02  8:46:49 0 [Note] InnoDB: 128 out of 128 rollback segments are active.
2021-12-02  8:46:49 0 [Note] InnoDB: Removed temporary tablespace data file: "ibtmp1"
2021-12-02  8:46:49 0 [Note] InnoDB: Creating shared tablespace for temporary tables
2021-12-02  8:46:49 0 [Note] InnoDB: Setting file 'D:\Fira\Kuliah\KULIAH TEKNIK INFORMATIKA\SEMESTER 3\Desain dan Pemrograman Web\xampp\mysql\data\ibtmp1' size to 12 MB. Physically writing the file full; Please wait ...
2021-12-02  8:46:49 0 [Note] InnoDB: File 'D:\Fira\Kuliah\KULIAH TEKNIK INFORMATIKA\SEMESTER 3\Desain dan Pemrograman Web\xampp\mysql\data\ibtmp1' size is now 12 MB.
2021-12-02  8:46:49 0 [Note] InnoDB: Waiting for purge to start
2021-12-02  8:46:49 0 [Note] InnoDB: 10.4.20 started; log sequence number 340029; transaction id 333
2021-12-02  8:46:49 0 [Note] InnoDB: Loading buffer pool(s) from D:\Fira\Kuliah\KULIAH TEKNIK INFORMATIKA\SEMESTER 3\Desain dan Pemrograman Web\xampp\mysql\data\ib_buffer_pool
2021-12-02  8:46:49 0 [Note] Plugin 'FEEDBACK' is disabled.
2021-12-02  8:46:49 0 [Note] InnoDB: Buffer pool(s) load completed at 211202  8:46:49
2021-12-02  8:46:49 0 [Note] Server socket created on IP: '::'.
2021-12-02 19:42:21 0 [Note] InnoDB: Mutexes and rw_locks use Windows interlocked functions
2021-12-02 19:42:21 0 [Note] InnoDB: Uses event mutexes
2021-12-02 19:42:21 0 [Note] InnoDB: Compressed tables use zlib 1.2.11
2021-12-02 19:42:21 0 [Note] InnoDB: Number of pools: 1
2021-12-02 19:42:21 0 [Note] InnoDB: Using SSE2 crc32 instructions
2021-12-02 19:42:21 0 [Note] InnoDB: Initializing buffer pool, total size = 16M, instances = 1, chunk size = 16M
2021-12-02 19:42:21 0 [Note] InnoDB: Completed initialization of buffer pool
2021-12-02 19:42:21 0 [Note] InnoDB: Starting crash recovery from checkpoint LSN=430883
2021-12-02 19:42:22 0 [Note] InnoDB: 128 out of 128 rollback segments are active.
2021-12-02 19:42:22 0 [Note] InnoDB: Removed temporary tablespace data file: "ibtmp1"
2021-12-02 19:42:22 0 [Note] InnoDB: Creating shared tablespace for temporary tables
2021-12-02 19:42:22 0 [Note] InnoDB: Setting file 'D:\Fira\Kuliah\KULIAH TEKNIK INFORMATIKA\SEMESTER 3\Desain dan Pemrograman Web\xampp\mysql\data\ibtmp1' size to 12 MB. Physically writing the file full; Please wait ...
2021-12-02 19:42:22 0 [Note] InnoDB: File 'D:\Fira\Kuliah\KULIAH TEKNIK INFORMATIKA\SEMESTER 3\Desain dan Pemrograman Web\xampp\mysql\data\ibtmp1' size is now 12 MB.
2021-12-02 19:42:22 0 [Note] InnoDB: Waiting for purge to start
2021-12-02 19:42:22 0 [Note] InnoDB: 10.4.20 started; log sequence number 430892; transaction id 420
2021-12-02 19:42:22 0 [Note] InnoDB: Loading buffer pool(s) from D:\Fira\Kuliah\KULIAH TEKNIK INFORMATIKA\SEMESTER 3\Desain dan Pemrograman Web\xampp\mysql\data\ib_buffer_pool
2021-12-02 19:42:22 0 [Note] Plugin 'FEEDBACK' is disabled.
2021-12-02 19:42:22 0 [Note] InnoDB: Buffer pool(s) load completed at 211202 19:42:22
2021-12-02 19:42:22 0 [Note] Server socket created on IP: '::'.
2021-12-03  8:15:17 0 [Note] InnoDB: Mutexes and rw_locks use Windows interlocked functions
2021-12-03  8:15:17 0 [Note] InnoDB: Uses event mutexes
2021-12-03  8:15:17 0 [Note] InnoDB: Compressed tables use zlib 1.2.11
2021-12-03  8:15:17 0 [Note] InnoDB: Number of pools: 1
2021-12-03  8:15:17 0 [Note] InnoDB: Using SSE2 crc32 instructions
2021-12-03  8:15:17 0 [Note] InnoDB: Initializing buffer pool, total size = 16M, instances = 1, chunk size = 16M
2021-12-03  8:15:17 0 [Note] InnoDB: Completed initialization of buffer pool
2021-12-03  8:15:17 0 [Note] InnoDB: Starting crash recovery from checkpoint LSN=430901
2021-12-03  8:15:17 0 [Note] InnoDB: 128 out of 128 rollback segments are active.
2021-12-03  8:15:17 0 [Note] InnoDB: Removed temporary tablespace data file: "ibtmp1"
2021-12-03  8:15:17 0 [Note] InnoDB: Creating shared tablespace for temporary tables
2021-12-03  8:15:17 0 [Note] InnoDB: Setting file 'D:\Fira\Kuliah\KULIAH TEKNIK INFORMATIKA\SEMESTER 3\Desain dan Pemrograman Web\xampp\mysql\data\ibtmp1' size to 12 MB. Physically writing the file full; Please wait ...
2021-12-03  8:15:17 0 [Note] InnoDB: File 'D:\Fira\Kuliah\KULIAH TEKNIK INFORMATIKA\SEMESTER 3\Desain dan Pemrograman Web\xampp\mysql\data\ibtmp1' size is now 12 MB.
2021-12-03  8:15:17 0 [Note] InnoDB: Waiting for purge to start
2021-12-03  8:15:17 0 [Note] InnoDB: 10.4.20 started; log sequence number 430910; transaction id 420
2021-12-03  8:15:17 0 [Note] InnoDB: Loading buffer pool(s) from D:\Fira\Kuliah\KULIAH TEKNIK INFORMATIKA\SEMESTER 3\Desain dan Pemrograman Web\xampp\mysql\data\ib_buffer_pool
2021-12-03  8:15:17 0 [Note] Plugin 'FEEDBACK' is disabled.
2021-12-03  8:15:17 0 [Note] Server socket created on IP: '::'.
2021-12-05 22:22:10 0 [Note] InnoDB: Mutexes and rw_locks use Windows interlocked functions
2021-12-05 22:22:10 0 [Note] InnoDB: Uses event mutexes
2021-12-05 22:22:10 0 [Note] InnoDB: Compressed tables use zlib 1.2.11
2021-12-05 22:22:10 0 [Note] InnoDB: Number of pools: 1
2021-12-05 22:22:10 0 [Note] InnoDB: Using SSE2 crc32 instructions
2021-12-05 22:22:10 0 [Note] InnoDB: Initializing buffer pool, total size = 16M, instances = 1, chunk size = 16M
2021-12-05 22:22:10 0 [Note] InnoDB: Completed initialization of buffer pool
2021-12-05 22:22:10 0 [Note] InnoDB: Starting crash recovery from checkpoint LSN=442839
2021-12-05 22:22:10 0 [Note] InnoDB: 128 out of 128 rollback segments are active.
2021-12-05 22:22:10 0 [Note] InnoDB: Removed temporary tablespace data file: "ibtmp1"
2021-12-05 22:22:10 0 [Note] InnoDB: Creating shared tablespace for temporary tables
2021-12-05 22:22:10 0 [Note] InnoDB: Setting file 'D:\Fira\Kuliah\KULIAH TEKNIK INFORMATIKA\SEMESTER 3\Desain dan Pemrograman Web\xampp\mysql\data\ibtmp1' size to 12 MB. Physically writing the file full; Please wait ...
2021-12-05 22:22:10 0 [Note] InnoDB: File 'D:\Fira\Kuliah\KULIAH TEKNIK INFORMATIKA\SEMESTER 3\Desain dan Pemrograman Web\xampp\mysql\data\ibtmp1' size is now 12 MB.
2021-12-05 22:22:10 0 [Note] InnoDB: Waiting for purge to start
2021-12-05 22:22:10 0 [Note] InnoDB: 10.4.20 started; log sequence number 442848; transaction id 461
2021-12-05 22:22:10 0 [Note] InnoDB: Loading buffer pool(s) from D:\Fira\Kuliah\KULIAH TEKNIK INFORMATIKA\SEMESTER 3\Desain dan Pemrograman Web\xampp\mysql\data\ib_buffer_pool
2021-12-05 22:22:10 0 [Note] Plugin 'FEEDBACK' is disabled.
2021-12-05 22:22:10 0 [Note] InnoDB: Buffer pool(s) load completed at 211205 22:22:10
2021-12-05 22:22:10 0 [Note] Server socket created on IP: '::'.
2021-12-08 14:51:31 0 [Note] InnoDB: Mutexes and rw_locks use Windows interlocked functions
2021-12-08 14:51:31 0 [Note] InnoDB: Uses event mutexes
2021-12-08 14:51:31 0 [Note] InnoDB: Compressed tables use zlib 1.2.11
2021-12-08 14:51:31 0 [Note] InnoDB: Number of pools: 1
2021-12-08 14:51:31 0 [Note] InnoDB: Using SSE2 crc32 instructions
2021-12-08 14:51:31 0 [Note] InnoDB: Initializing buffer pool, total size = 16M, instances = 1, chunk size = 16M
2021-12-08 14:51:31 0 [Note] InnoDB: Completed initialization of buffer pool
2021-12-08 14:51:31 0 [Note] InnoDB: Starting crash recovery from checkpoint LSN=460650
2021-12-08 14:51:32 0 [Note] InnoDB: 128 out of 128 rollback segments are active.
2021-12-08 14:51:32 0 [Note] InnoDB: Removed temporary tablespace data file: "ibtmp1"
2021-12-08 14:51:32 0 [Note] InnoDB: Creating shared tablespace for temporary tables
2021-12-08 14:51:32 0 [Note] InnoDB: Setting file 'D:\Fira\Kuliah\KULIAH TEKNIK INFORMATIKA\SEMESTER 3\Desain dan Pemrograman Web\xampp\mysql\data\ibtmp1' size to 12 MB. Physically writing the file full; Please wait ...
2021-12-08 14:51:32 0 [Note] InnoDB: File 'D:\Fira\Kuliah\KULIAH TEKNIK INFORMATIKA\SEMESTER 3\Desain dan Pemrograman Web\xampp\mysql\data\ibtmp1' size is now 12 MB.
2021-12-08 14:51:32 0 [Note] InnoDB: Waiting for purge to start
2021-12-08 14:51:32 0 [Note] InnoDB: 10.4.20 started; log sequence number 460659; transaction id 526
2021-12-08 14:51:32 0 [Note] InnoDB: Loading buffer pool(s) from D:\Fira\Kuliah\KULIAH TEKNIK INFORMATIKA\SEMESTER 3\Desain dan Pemrograman Web\xampp\mysql\data\ib_buffer_pool
2021-12-08 14:51:32 0 [Note] Plugin 'FEEDBACK' is disabled.
2021-12-08 14:51:32 0 [Note] InnoDB: Buffer pool(s) load completed at 211208 14:51:32
2021-12-08 14:51:32 0 [Note] Server socket created on IP: '::'.
2021-12-08 21:35:46 0 [Note] InnoDB: Mutexes and rw_locks use Windows interlocked functions
2021-12-08 21:35:46 0 [Note] InnoDB: Uses event mutexes
2021-12-08 21:35:46 0 [Note] InnoDB: Compressed tables use zlib 1.2.11
2021-12-08 21:35:46 0 [Note] InnoDB: Number of pools: 1
2021-12-08 21:35:46 0 [Note] InnoDB: Using SSE2 crc32 instructions
2021-12-08 21:35:46 0 [Note] InnoDB: Initializing buffer pool, total size = 16M, instances = 1, chunk size = 16M
2021-12-08 21:35:46 0 [Note] InnoDB: Completed initialization of buffer pool
2021-12-08 21:35:46 0 [Note] InnoDB: Starting crash recovery from checkpoint LSN=460668
2021-12-08 21:35:46 0 [Note] InnoDB: 128 out of 128 rollback segments are active.
2021-12-08 21:35:46 0 [Note] InnoDB: Removed temporary tablespace data file: "ibtmp1"
2021-12-08 21:35:46 0 [Note] InnoDB: Creating shared tablespace for temporary tables
2021-12-08 21:35:46 0 [Note] InnoDB: Setting file 'D:\Fira\Kuliah\KULIAH TEKNIK INFORMATIKA\SEMESTER 3\Desain dan Pemrograman Web\xampp\mysql\data\ibtmp1' size to 12 MB. Physically writing the file full; Please wait ...
2021-12-08 21:35:46 0 [Note] InnoDB: File 'D:\Fira\Kuliah\KULIAH TEKNIK INFORMATIKA\SEMESTER 3\Desain dan Pemrograman Web\xampp\mysql\data\ibtmp1' size is now 12 MB.
2021-12-08 21:35:46 0 [Note] InnoDB: Waiting for purge to start
2021-12-08 21:35:46 0 [Note] InnoDB: 10.4.20 started; log sequence number 460677; transaction id 526
2021-12-08 21:35:46 0 [Note] InnoDB: Loading buffer pool(s) from D:\Fira\Kuliah\KULIAH TEKNIK INFORMATIKA\SEMESTER 3\Desain dan Pemrograman Web\xampp\mysql\data\ib_buffer_pool
2021-12-08 21:35:46 0 [Note] Plugin 'FEEDBACK' is disabled.
2021-12-08 21:35:46 0 [Note] Server socket created on IP: '::'.
2021-12-11 21:05:01 0 [Note] InnoDB: Mutexes and rw_locks use Windows interlocked functions
2021-12-11 21:05:01 0 [Note] InnoDB: Uses event mutexes
2021-12-11 21:05:01 0 [Note] InnoDB: Compressed tables use zlib 1.2.11
2021-12-11 21:05:01 0 [Note] InnoDB: Number of pools: 1
2021-12-11 21:05:01 0 [Note] InnoDB: Using SSE2 crc32 instructions
2021-12-11 21:05:01 0 [Note] InnoDB: Initializing buffer pool, total size = 16M, instances = 1, chunk size = 16M
2021-12-11 21:05:01 0 [Note] InnoDB: Completed initialization of buffer pool
2021-12-11 21:05:01 0 [Note] InnoDB: Starting crash recovery from checkpoint LSN=460686
2021-12-11 21:05:01 0 [Note] InnoDB: 128 out of 128 rollback segments are active.
2021-12-11 21:05:01 0 [Note] InnoDB: Removed temporary tablespace data file: "ibtmp1"
2021-12-11 21:05:01 0 [Note] InnoDB: Creating shared tablespace for temporary tables
2021-12-11 21:05:01 0 [Note] InnoDB: Setting file 'D:\Fira\Kuliah\KULIAH TEKNIK INFORMATIKA\SEMESTER 3\Desain dan Pemrograman Web\xampp\mysql\data\ibtmp1' size to 12 MB. Physically writing the file full; Please wait ...
2021-12-11 21:05:01 0 [Note] InnoDB: File 'D:\Fira\Kuliah\KULIAH TEKNIK INFORMATIKA\SEMESTER 3\Desain dan Pemrograman Web\xampp\mysql\data\ibtmp1' size is now 12 MB.
2021-12-11 21:05:01 0 [Note] InnoDB: Waiting for purge to start
2021-12-11 21:05:02 0 [Note] InnoDB: 10.4.20 started; log sequence number 460695; transaction id 526
2021-12-11 21:05:02 0 [Note] InnoDB: Loading buffer pool(s) from D:\Fira\Kuliah\KULIAH TEKNIK INFORMATIKA\SEMESTER 3\Desain dan Pemrograman Web\xampp\mysql\data\ib_buffer_pool
2021-12-11 21:05:02 0 [Note] Plugin 'FEEDBACK' is disabled.
2021-12-11 21:05:02 0 [Note] InnoDB: Buffer pool(s) load completed at 211211 21:05:02
2021-12-11 21:05:02 0 [Note] Server socket created on IP: '::'.
2021-12-14  0:19:39 0 [Note] InnoDB: Mutexes and rw_locks use Windows interlocked functions
2021-12-14  0:19:39 0 [Note] InnoDB: Uses event mutexes
2021-12-14  0:19:39 0 [Note] InnoDB: Compressed tables use zlib 1.2.11
2021-12-14  0:19:39 0 [Note] InnoDB: Number of pools: 1
2021-12-14  0:19:39 0 [Note] InnoDB: Using SSE2 crc32 instructions
2021-12-14  0:19:39 0 [Note] InnoDB: Initializing buffer pool, total size = 16M, instances = 1, chunk size = 16M
2021-12-14  0:19:39 0 [Note] InnoDB: Completed initialization of buffer pool
2021-12-14  0:19:39 0 [Note] InnoDB: Starting crash recovery from checkpoint LSN=644566
2021-12-14  0:19:40 0 [Note] InnoDB: 128 out of 128 rollback segments are active.
2021-12-14  0:19:40 0 [Note] InnoDB: Removed temporary tablespace data file: "ibtmp1"
2021-12-14  0:19:40 0 [Note] InnoDB: Creating shared tablespace for temporary tables
2021-12-14  0:19:40 0 [Note] InnoDB: Setting file 'D:\Fira\Kuliah\KULIAH TEKNIK INFORMATIKA\SEMESTER 3\Desain dan Pemrograman Web\xampp\mysql\data\ibtmp1' size to 12 MB. Physically writing the file full; Please wait ...
2021-12-14  0:19:40 0 [Note] InnoDB: File 'D:\Fira\Kuliah\KULIAH TEKNIK INFORMATIKA\SEMESTER 3\Desain dan Pemrograman Web\xampp\mysql\data\ibtmp1' size is now 12 MB.
2021-12-14  0:19:40 0 [Note] InnoDB: Waiting for purge to start
2021-12-14  0:19:40 0 [Note] InnoDB: 10.4.20 started; log sequence number 644575; transaction id 590
2021-12-14  0:19:40 0 [Note] InnoDB: Loading buffer pool(s) from D:\Fira\Kuliah\KULIAH TEKNIK INFORMATIKA\SEMESTER 3\Desain dan Pemrograman Web\xampp\mysql\data\ib_buffer_pool
2021-12-14  0:19:40 0 [Note] Plugin 'FEEDBACK' is disabled.
2021-12-14  0:19:40 0 [Note] InnoDB: Buffer pool(s) load completed at 211214  0:19:40
2021-12-14  0:19:40 0 [Note] Server socket created on IP: '::'.
2021-12-21 15:11:03 0 [Note] InnoDB: Mutexes and rw_locks use Windows interlocked functions
2021-12-21 15:11:03 0 [Note] InnoDB: Uses event mutexes
2021-12-21 15:11:03 0 [Note] InnoDB: Compressed tables use zlib 1.2.11
2021-12-21 15:11:03 0 [Note] InnoDB: Number of pools: 1
2021-12-21 15:11:03 0 [Note] InnoDB: Using SSE2 crc32 instructions
2021-12-21 15:11:03 0 [Note] InnoDB: Initializing buffer pool, total size = 16M, instances = 1, chunk size = 16M
2021-12-21 15:11:03 0 [Note] InnoDB: Completed initialization of buffer pool
2021-12-21 15:11:03 0 [Note] InnoDB: Starting crash recovery from checkpoint LSN=644584
2021-12-21 15:11:03 0 [Note] InnoDB: 128 out of 128 rollback segments are active.
2021-12-21 15:11:03 0 [Note] InnoDB: Removed temporary tablespace data file: "ibtmp1"
2021-12-21 15:11:03 0 [Note] InnoDB: Creating shared tablespace for temporary tables
2021-12-21 15:11:03 0 [Note] InnoDB: Setting file 'D:\Fira\Kuliah\KULIAH TEKNIK INFORMATIKA\SEMESTER 3\Desain dan Pemrograman Web\xampp\mysql\data\ibtmp1' size to 12 MB. Physically writing the file full; Please wait ...
2021-12-21 15:11:03 0 [Note] InnoDB: File 'D:\Fira\Kuliah\KULIAH TEKNIK INFORMATIKA\SEMESTER 3\Desain dan Pemrograman Web\xampp\mysql\data\ibtmp1' size is now 12 MB.
2021-12-21 15:11:03 0 [Note] InnoDB: Waiting for purge to start
2021-12-21 15:11:03 0 [Note] InnoDB: 10.4.20 started; log sequence number 644593; transaction id 590
2021-12-21 15:11:03 0 [Note] InnoDB: Loading buffer pool(s) from D:\Fira\Kuliah\KULIAH TEKNIK INFORMATIKA\SEMESTER 3\Desain dan Pemrograman Web\xampp\mysql\data\ib_buffer_pool
2021-12-21 15:11:03 0 [Note] Plugin 'FEEDBACK' is disabled.
2021-12-21 15:11:03 0 [Note] InnoDB: Buffer pool(s) load completed at 211221 15:11:03
2021-12-21 15:11:03 0 [Note] Server socket created on IP: '::'.
2021-12-22 23:27:14 0 [Note] InnoDB: Mutexes and rw_locks use Windows interlocked functions
2021-12-22 23:27:14 0 [Note] InnoDB: Uses event mutexes
2021-12-22 23:27:14 0 [Note] InnoDB: Compressed tables use zlib 1.2.11
2021-12-22 23:27:14 0 [Note] InnoDB: Number of pools: 1
2021-12-22 23:27:14 0 [Note] InnoDB: Using SSE2 crc32 instructions
2021-12-22 23:27:14 0 [Note] InnoDB: Initializing buffer pool, total size = 16M, instances = 1, chunk size = 16M
2021-12-22 23:27:14 0 [Note] InnoDB: Completed initialization of buffer pool
2021-12-22 23:27:14 0 [Note] InnoDB: Starting crash recovery from checkpoint LSN=806420
2021-12-22 23:27:15 0 [Note] InnoDB: 128 out of 128 rollback segments are active.
2021-12-22 23:27:15 0 [Note] InnoDB: Removed temporary tablespace data file: "ibtmp1"
2021-12-22 23:27:15 0 [Note] InnoDB: Creating shared tablespace for temporary tables
2021-12-22 23:27:15 0 [Note] InnoDB: Setting file 'D:\Fira\Kuliah\KULIAH TEKNIK INFORMATIKA\SEMESTER 3\Desain dan Pemrograman Web\xampp\mysql\data\ibtmp1' size to 12 MB. Physically writing the file full; Please wait ...
2021-12-22 23:27:15 0 [Note] InnoDB: File 'D:\Fira\Kuliah\KULIAH TEKNIK INFORMATIKA\SEMESTER 3\Desain dan Pemrograman Web\xampp\mysql\data\ibtmp1' size is now 12 MB.
2021-12-22 23:27:15 0 [Note] InnoDB: Waiting for purge to start
2021-12-22 23:27:15 0 [Note] InnoDB: 10.4.20 started; log sequence number 806429; transaction id 865
2021-12-22 23:27:15 0 [Note] InnoDB: Loading buffer pool(s) from D:\Fira\Kuliah\KULIAH TEKNIK INFORMATIKA\SEMESTER 3\Desain dan Pemrograman Web\xampp\mysql\data\ib_buffer_pool
2021-12-22 23:27:15 0 [Note] Plugin 'FEEDBACK' is disabled.
2021-12-22 23:27:15 0 [Note] InnoDB: Buffer pool(s) load completed at 211222 23:27:15
2021-12-22 23:27:15 0 [Note] Server socket created on IP: '::'.
2021-12-24 17:45:39 0 [Note] InnoDB: Mutexes and rw_locks use Windows interlocked functions
2021-12-24 17:45:39 0 [Note] InnoDB: Uses event mutexes
2021-12-24 17:45:39 0 [Note] InnoDB: Compressed tables use zlib 1.2.11
2021-12-24 17:45:39 0 [Note] InnoDB: Number of pools: 1
2021-12-24 17:45:39 0 [Note] InnoDB: Using SSE2 crc32 instructions
2021-12-24 17:45:39 0 [Note] InnoDB: Initializing buffer pool, total size = 16M, instances = 1, chunk size = 16M
2021-12-24 17:45:39 0 [Note] InnoDB: Completed initialization of buffer pool
2021-12-24 17:45:39 0 [Note] InnoDB: Starting crash recovery from checkpoint LSN=904483
2021-12-24 17:45:40 0 [Note] InnoDB: 128 out of 128 rollback segments are active.
2021-12-24 17:45:40 0 [Note] InnoDB: Removed temporary tablespace data file: "ibtmp1"
2021-12-24 17:45:40 0 [Note] InnoDB: Creating shared tablespace for temporary tables
2021-12-24 17:45:40 0 [Note] InnoDB: Setting file 'D:\Fira\Kuliah\KULIAH TEKNIK INFORMATIKA\SEMESTER 3\Desain dan Pemrograman Web\xampp\mysql\data\ibtmp1' size to 12 MB. Physically writing the file full; Please wait ...
2021-12-24 17:45:40 0 [Note] InnoDB: File 'D:\Fira\Kuliah\KULIAH TEKNIK INFORMATIKA\SEMESTER 3\Desain dan Pemrograman Web\xampp\mysql\data\ibtmp1' size is now 12 MB.
2021-12-24 17:45:40 0 [Note] InnoDB: Waiting for purge to start
2021-12-24 17:45:40 0 [Note] InnoDB: 10.4.20 started; log sequence number 904492; transaction id 972
2021-12-24 17:45:40 0 [Note] InnoDB: Loading buffer pool(s) from D:\Fira\Kuliah\KULIAH TEKNIK INFORMATIKA\SEMESTER 3\Desain dan Pemrograman Web\xampp\mysql\data\ib_buffer_pool
2021-12-24 17:45:40 0 [Note] Plugin 'FEEDBACK' is disabled.
2021-12-24 17:45:40 0 [Note] InnoDB: Buffer pool(s) load completed at 211224 17:45:40
2021-12-24 17:45:40 0 [Note] Server socket created on IP: '::'.
2021-12-25  9:02:16 0 [Note] InnoDB: Mutexes and rw_locks use Windows interlocked functions
2021-12-25  9:02:16 0 [Note] InnoDB: Uses event mutexes
2021-12-25  9:02:16 0 [Note] InnoDB: Compressed tables use zlib 1.2.11
2021-12-25  9:02:16 0 [Note] InnoDB: Number of pools: 1
2021-12-25  9:02:16 0 [Note] InnoDB: Using SSE2 crc32 instructions
2021-12-25  9:02:16 0 [Note] InnoDB: Initializing buffer pool, total size = 16M, instances = 1, chunk size = 16M
2021-12-25  9:02:16 0 [Note] InnoDB: Completed initialization of buffer pool
2021-12-25  9:02:17 0 [Note] InnoDB: Starting crash recovery from checkpoint LSN=908313
2021-12-25  9:02:17 0 [Note] InnoDB: 128 out of 128 rollback segments are active.
2021-12-25  9:02:17 0 [Note] InnoDB: Removed temporary tablespace data file: "ibtmp1"
2021-12-25  9:02:17 0 [Note] InnoDB: Creating shared tablespace for temporary tables
2021-12-25  9:02:17 0 [Note] InnoDB: Setting file 'D:\Fira\Kuliah\KULIAH TEKNIK INFORMATIKA\SEMESTER 3\Desain dan Pemrograman Web\xampp\mysql\data\ibtmp1' size to 12 MB. Physically writing the file full; Please wait ...
2021-12-25  9:02:17 0 [Note] InnoDB: File 'D:\Fira\Kuliah\KULIAH TEKNIK INFORMATIKA\SEMESTER 3\Desain dan Pemrograman Web\xampp\mysql\data\ibtmp1' size is now 12 MB.
2021-12-25  9:02:17 0 [Note] InnoDB: 10.4.20 started; log sequence number 908322; transaction id 993
2021-12-25  9:02:17 0 [Note] InnoDB: Loading buffer pool(s) from D:\Fira\Kuliah\KULIAH TEKNIK INFORMATIKA\SEMESTER 3\Desain dan Pemrograman Web\xampp\mysql\data\ib_buffer_pool
2021-12-25  9:02:17 0 [Note] Plugin 'FEEDBACK' is disabled.
2021-12-25  9:02:17 0 [Note] Server socket created on IP: '::'.
2021-12-25 20:17:10 0 [Note] InnoDB: Mutexes and rw_locks use Windows interlocked functions
2021-12-25 20:17:10 0 [Note] InnoDB: Uses event mutexes
2021-12-25 20:17:10 0 [Note] InnoDB: Compressed tables use zlib 1.2.11
2021-12-25 20:17:10 0 [Note] InnoDB: Number of pools: 1
2021-12-25 20:17:10 0 [Note] InnoDB: Using SSE2 crc32 instructions
2021-12-25 20:17:10 0 [Note] InnoDB: Initializing buffer pool, total size = 16M, instances = 1, chunk size = 16M
2021-12-25 20:17:10 0 [Note] InnoDB: Completed initialization of buffer pool
2021-12-25 20:17:10 0 [Note] InnoDB: Starting crash recovery from checkpoint LSN=940102
2021-12-25 20:17:10 0 [Note] InnoDB: 128 out of 128 rollback segments are active.
2021-12-25 20:17:10 0 [Note] InnoDB: Removed temporary tablespace data file: "ibtmp1"
2021-12-25 20:17:10 0 [Note] InnoDB: Creating shared tablespace for temporary tables
2021-12-25 20:17:10 0 [Note] InnoDB: Setting file 'D:\Fira\Kuliah\KULIAH TEKNIK INFORMATIKA\SEMESTER 3\Desain dan Pemrograman Web\xampp\mysql\data\ibtmp1' size to 12 MB. Physically writing the file full; Please wait ...
2021-12-25 20:17:10 0 [Note] InnoDB: File 'D:\Fira\Kuliah\KULIAH TEKNIK INFORMATIKA\SEMESTER 3\Desain dan Pemrograman Web\xampp\mysql\data\ibtmp1' size is now 12 MB.
2021-12-25 20:17:10 0 [Note] InnoDB: Waiting for purge to start
2021-12-25 20:17:11 0 [Note] InnoDB: 10.4.20 started; log sequence number 940111; transaction id 1064
2021-12-25 20:17:11 0 [Note] InnoDB: Loading buffer pool(s) from D:\Fira\Kuliah\KULIAH TEKNIK INFORMATIKA\SEMESTER 3\Desain dan Pemrograman Web\xampp\mysql\data\ib_buffer_pool
2021-12-25 20:17:11 0 [Note] Plugin 'FEEDBACK' is disabled.
2021-12-25 20:17:11 0 [Note] InnoDB: Buffer pool(s) load completed at 211225 20:17:11
2021-12-25 20:17:11 0 [Note] Server socket created on IP: '::'.
2021-12-26 15:27:11 0 [Note] InnoDB: Mutexes and rw_locks use Windows interlocked functions
2021-12-26 15:27:11 0 [Note] InnoDB: Uses event mutexes
2021-12-26 15:27:11 0 [Note] InnoDB: Compressed tables use zlib 1.2.11
2021-12-26 15:27:11 0 [Note] InnoDB: Number of pools: 1
2021-12-26 15:27:11 0 [Note] InnoDB: Using SSE2 crc32 instructions
2021-12-26 15:27:11 0 [Note] InnoDB: Initializing buffer pool, total size = 16M, instances = 1, chunk size = 16M
2021-12-26 15:27:11 0 [Note] InnoDB: Completed initialization of buffer pool
2021-12-26 15:27:11 0 [Note] InnoDB: Starting crash recovery from checkpoint LSN=1167146
2021-12-26 15:27:11 0 [Note] InnoDB: 128 out of 128 rollback segments are active.
2021-12-26 15:27:11 0 [Note] InnoDB: Removed temporary tablespace data file: "ibtmp1"
2021-12-26 15:27:11 0 [Note] InnoDB: Creating shared tablespace for temporary tables
2021-12-26 15:27:11 0 [Note] InnoDB: Setting file 'D:\Fira\Kuliah\KULIAH TEKNIK INFORMATIKA\SEMESTER 3\Desain dan Pemrograman Web\xampp\mysql\data\ibtmp1' size to 12 MB. Physically writing the file full; Please wait ...
2021-12-26 15:27:11 0 [Note] InnoDB: File 'D:\Fira\Kuliah\KULIAH TEKNIK INFORMATIKA\SEMESTER 3\Desain dan Pemrograman Web\xampp\mysql\data\ibtmp1' size is now 12 MB.
2021-12-26 15:27:11 0 [Note] InnoDB: Waiting for purge to start
2021-12-26 15:27:11 0 [Note] InnoDB: 10.4.20 started; log sequence number 1167155; transaction id 1279
2021-12-26 15:27:11 0 [Note] InnoDB: Loading buffer pool(s) from D:\Fira\Kuliah\KULIAH TEKNIK INFORMATIKA\SEMESTER 3\Desain dan Pemrograman Web\xampp\mysql\data\ib_buffer_pool
2021-12-26 15:27:11 0 [Note] Plugin 'FEEDBACK' is disabled.
2021-12-26 15:27:11 0 [Note] InnoDB: Buffer pool(s) load completed at 211226 15:27:11
2021-12-26 15:27:11 0 [Note] Server socket created on IP: '::'.
2021-12-26 21:11:07 0 [Note] InnoDB: Mutexes and rw_locks use Windows interlocked functions
2021-12-26 21:11:07 0 [Note] InnoDB: Uses event mutexes
2021-12-26 21:11:07 0 [Note] InnoDB: Compressed tables use zlib 1.2.11
2021-12-26 21:11:07 0 [Note] InnoDB: Number of pools: 1
2021-12-26 21:11:07 0 [Note] InnoDB: Using SSE2 crc32 instructions
2021-12-26 21:11:07 0 [Note] InnoDB: Initializing buffer pool, total size = 16M, instances = 1, chunk size = 16M
2021-12-26 21:11:07 0 [Note] InnoDB: Completed initialization of buffer pool
2021-12-26 21:11:07 0 [Note] InnoDB: Starting crash recovery from checkpoint LSN=1700842
2021-12-26 21:11:08 0 [Note] InnoDB: 128 out of 128 rollback segments are active.
2021-12-26 21:11:08 0 [Note] InnoDB: Removed temporary tablespace data file: "ibtmp1"
2021-12-26 21:11:08 0 [Note] InnoDB: Creating shared tablespace for temporary tables
2021-12-26 21:11:08 0 [Note] InnoDB: Setting file 'D:\Fira\Kuliah\KULIAH TEKNIK INFORMATIKA\SEMESTER 3\Desain dan Pemrograman Web\xampp\mysql\data\ibtmp1' size to 12 MB. Physically writing the file full; Please wait ...
2021-12-26 21:11:08 0 [Note] InnoDB: File 'D:\Fira\Kuliah\KULIAH TEKNIK INFORMATIKA\SEMESTER 3\Desain dan Pemrograman Web\xampp\mysql\data\ibtmp1' size is now 12 MB.
2021-12-26 21:11:08 0 [Note] InnoDB: Waiting for purge to start
2021-12-26 21:11:08 0 [Note] InnoDB: 10.4.20 started; log sequence number 1700851; transaction id 1615
2021-12-26 21:11:08 0 [Note] InnoDB: Loading buffer pool(s) from D:\Fira\Kuliah\KULIAH TEKNIK INFORMATIKA\SEMESTER 3\Desain dan Pemrograman Web\xampp\mysql\data\ib_buffer_pool
2021-12-26 21:11:08 0 [Note] Plugin 'FEEDBACK' is disabled.
2021-12-26 21:11:08 0 [Note] Server socket created on IP: '::'.
2021-12-27  7:26:03 0 [Note] InnoDB: Mutexes and rw_locks use Windows interlocked functions
2021-12-27  7:26:03 0 [Note] InnoDB: Uses event mutexes
2021-12-27  7:26:03 0 [Note] InnoDB: Compressed tables use zlib 1.2.11
2021-12-27  7:26:03 0 [Note] InnoDB: Number of pools: 1
2021-12-27  7:26:03 0 [Note] InnoDB: Using SSE2 crc32 instructions
2021-12-27  7:26:03 0 [Note] InnoDB: Initializing buffer pool, total size = 16M, instances = 1, chunk size = 16M
2021-12-27  7:26:03 0 [Note] InnoDB: Completed initialization of buffer pool
2021-12-27  7:26:03 0 [Note] InnoDB: Starting crash recovery from checkpoint LSN=1767406
2021-12-27  7:26:03 0 [Note] InnoDB: 128 out of 128 rollback segments are active.
2021-12-27  7:26:03 0 [Note] InnoDB: Removed temporary tablespace data file: "ibtmp1"
2021-12-27  7:26:03 0 [Note] InnoDB: Creating shared tablespace for temporary tables
2021-12-27  7:26:03 0 [Note] InnoDB: Setting file 'D:\Fira\Kuliah\KULIAH TEKNIK INFORMATIKA\SEMESTER 3\Desain dan Pemrograman Web\xampp\mysql\data\ibtmp1' size to 12 MB. Physically writing the file full; Please wait ...
2021-12-27  7:26:03 0 [Note] InnoDB: File 'D:\Fira\Kuliah\KULIAH TEKNIK INFORMATIKA\SEMESTER 3\Desain dan Pemrograman Web\xampp\mysql\data\ibtmp1' size is now 12 MB.
2021-12-27  7:26:03 0 [Note] InnoDB: Waiting for purge to start
2021-12-27  7:26:03 0 [Note] InnoDB: 10.4.20 started; log sequence number 1767415; transaction id 1726
2021-12-27  7:26:03 0 [Note] InnoDB: Loading buffer pool(s) from D:\Fira\Kuliah\KULIAH TEKNIK INFORMATIKA\SEMESTER 3\Desain dan Pemrograman Web\xampp\mysql\data\ib_buffer_pool
2021-12-27  7:26:03 0 [Note] Plugin 'FEEDBACK' is disabled.
2021-12-27  7:26:03 0 [Note] Server socket created on IP: '::'.
2021-12-27 18:46:27 0 [Note] InnoDB: Mutexes and rw_locks use Windows interlocked functions
2021-12-27 18:46:27 0 [Note] InnoDB: Uses event mutexes
2021-12-27 18:46:27 0 [Note] InnoDB: Compressed tables use zlib 1.2.11
2021-12-27 18:46:27 0 [Note] InnoDB: Number of pools: 1
2021-12-27 18:46:27 0 [Note] InnoDB: Using SSE2 crc32 instructions
2021-12-27 18:46:27 0 [Note] InnoDB: Initializing buffer pool, total size = 16M, instances = 1, chunk size = 16M
2021-12-27 18:46:27 0 [Note] InnoDB: Completed initialization of buffer pool
2021-12-27 18:46:27 0 [Note] InnoDB: Starting crash recovery from checkpoint LSN=1777766
2021-12-27 18:46:27 0 [Note] InnoDB: 128 out of 128 rollback segments are active.
2021-12-27 18:46:27 0 [Note] InnoDB: Removed temporary tablespace data file: "ibtmp1"
2021-12-27 18:46:27 0 [Note] InnoDB: Creating shared tablespace for temporary tables
2021-12-27 18:46:27 0 [Note] InnoDB: Setting file 'D:\Fira\Kuliah\KULIAH TEKNIK INFORMATIKA\SEMESTER 3\Desain dan Pemrograman Web\xampp\mysql\data\ibtmp1' size to 12 MB. Physically writing the file full; Please wait ...
2021-12-27 18:46:27 0 [Note] InnoDB: File 'D:\Fira\Kuliah\KULIAH TEKNIK INFORMATIKA\SEMESTER 3\Desain dan Pemrograman Web\xampp\mysql\data\ibtmp1' size is now 12 MB.
2021-12-27 18:46:27 0 [Note] InnoDB: Waiting for purge to start
2021-12-27 18:46:27 0 [Note] InnoDB: 10.4.20 started; log sequence number 1777775; transaction id 1763
2021-12-27 18:46:27 0 [Note] InnoDB: Loading buffer pool(s) from D:\Fira\Kuliah\KULIAH TEKNIK INFORMATIKA\SEMESTER 3\Desain dan Pemrograman Web\xampp\mysql\data\ib_buffer_pool
2021-12-27 18:46:27 0 [Note] Plugin 'FEEDBACK' is disabled.
2021-12-27 18:46:27 0 [Note] InnoDB: Buffer pool(s) load completed at 211227 18:46:27
2021-12-27 18:46:27 0 [Note] Server socket created on IP: '::'.
